[   0.000000]Initializing cgroup subsys cpuset
[   0.000000] Initializing cgroup subsys cpu
[    0.000000] Initializing cgroup subsys cpuacct
[    0.000000] Linux version 4.4.0-142-generic (buildd@lgw01-amd64-033) (gcc version 5.4.0 20160609 (Ubuntu 5.4.0-6ubuntu1~16.04.10) ) #168-Ubuntu SMP Wed Jan 16 21:00:45 UTC 2019 (Ubuntu 4.4.0-142.168-generic 4.4.167)
[   .00000] ommand line: BOOT_IMAGE=/boot/vmlinuz-4.4.0-142-generic root=UUID=c6f218c1-de2b-429a-a302-0ff038afbc2d ro console=tty1 console=ttS0
[    000000] KERNEL supported cpus:
[    0.000000]   Intel GenuineIntel
[    0.000000]   AMD AuthenticAMD
[    0.000000]   Centaur CentaurHauls
[    0.000000] x86/fpu: xstate_offset[2]:  576, xstate_sizes[2]:  256
[    0.000000] x86/fpu: Supporting XSAVE feature 0x01: 'x87 floating point registers'
[    0.000000] x86/fpu: Supporting XSAVE feature 0x02: 'SSE registers'
[    0.000000] x86/fpu: Supporting XSAVE feature 0x04: 'AVX registers'
[    0.000000] x86/fpu: Enabled xstate features 0x7, context size is 832 bytes, using 'standard' format.
[    0.000000] e820: BIOS-provided physical RAM map:
[    0.000000] BIOS-e820: [mem 0x0000000000000000-0x000000000009fbff] usable
[    0.000000] BIOS-e820: [mem 0x000000000009fc00-0x000000000009ffff] reserved
[    0.000000] BIOS-e820: [mem 0x00000000000f0000-0x00000000000fffff] reserved
[    0.000000] BIOS-e820: [mem 0x0000000000100000-0x000000007ffeffff] usable
[    0.000000] BIOS-e820: [mem 0x000000007fff0000-0x0000007fffffff] ACPI data
[   .00000] IOS-e820: [mem 0x00000000fec00000-0x00000000fec00fff] reserved
[    0.000000] BIOS-e820: [mem 0x00000000fee00000-0x00000000fe0fff] resrvd
[  0.000000] BIOS-e820: [mem 0x00000000fffc0000-0x00000000ffffffff] reserved
[   .000000] NX (Execute Disable) protection: active
[   0.000000] SMBIOS 2.5 present.
[   0.00000 Hypervisor detctd: KVM
[    .00000] e820: last_pfn = 0x7fff0 max_arch_pfn = 0x400000000
[   .000000]MTR: Disabled
[   .000000] x86/PAT: MTRRs disabled, skipping PAT initialization too.
[   0.00000] PUMTRRs al bank -vitualized systm.
[    .00000] x86/PAT: Configuration [0-7]: WB  WT  UC- U  B  WT UC UC  
[    0.000000] found SMP MP-table at [mem 0x0009fff0-0x0009ffff] mapped at [ffff88000009fff0]
[    0.000000] Scanning 1 areas for low memory corruption
[    0.000000] RAMDISK: [mem 0x35a1c000-0x36d05fff]
[    0.000000] ACPI: Early table checksum verification disabled
[    0.000000] ACPI: RSDP 0x00000000000E0000 000024 (v02 VBOX  )
[    0.000000] ACPI: XSDT 0x000000007FFF0030 00003C (v01 VBOX   VBOXXSDT 000001 ASL 0000061)
[   .000000] ACPI: FACP 0x000000007FFF00F0 0000F4 (v04 VOX  VBOXFACP 00000001 ASL  00000061)
[   .000000 API: DST x0000007FFF0470 0021FF (v02 VBOX   VBOXBIOS 00000002 INTL 20100528)
[    0.000000] ACPI: FACS 0x00000000FF0200 000040
[    0.000000] ACPI: FACS 0x000000007FFF0200 000040
[    0.000000] ACPI: APIC 0x000000007FFF0240 00005C (v02 VBOX   VBOXAPIC 00000001 ASL  00000061)
[    0.000000] ACPI: SSDT 0x000000007FFF02A0 0001CC (v01 VBOX   VBOXCPUT 00000002 INTL 20100528)
[    0.000000] No NUMA configuration found
[    0.000000] Faking a node at [mem 0x0000000000000000-0x000000007ffeffff]
[    0.000000] NODE_DATA(0) allocated [mem 0x7ffeb000-0x7ffeffff
    0.0000] kvm-clock: sig msrs 4b564d01 and 4b564d00
[   .00000] vm-clk: cpu 0, msr 0:7ffe3001, primary cpu clock
[   .000000] kvm-clock: using sched offset of 4828783407 cycles
[   .00000]clocksource: kvm-clock: mask: 0xffffffffffffffff max_cycles: 0x1cd42e4dffb, max_idle_ns: 881590591483 ns
[    0.000000] Zone ranges:
[    0.000000]   DMA      [mem 0x0000000000001000-0x0000000000ffffff]
[    0.000000]   DMA32    [mem 0x0000000001000000-0x000000007ffeffff]
[    0.000000]   Normal   empty
[    0.000000]   Device   empty
[    0.000000] Movable zone start for each node
[    0.000000] Early memory node ranges
[    0.000000]   node   0: [mem 0x0000000000001000-0x000000000009efff]
[    0.000000]   node   0: [mem 0x0000000000100000-0x000000007ffeffff]
[    0.000000] Initmem setup node 0 [mem 0x0000000000001000-0x000000007ffeffff]
[    0.000000] ACPI: PM-Timer IO Port: 0x4008
[    0.000000] IOAPIC[0]: apic_id 2, version 32, address 0xfec00000, GSI 0-23
[    0.000000] ACPI: INT_SRC_OVR (bus 0 bus_irq 0 global_irq 2 dfl dfl)
[    0.000000] ACPI: INT_SRC_OVR (bus 0 bus_irq 9 global_irq 9 low level)
[    0.000000] Using ACPI (MADT) for SMP configuration information
[    0.000000] smpboot: Allowing 2 CPUs, 0 hotplug CPUs
[    0.000000] PM: Registered nosave memory: [mem 0x00000000-0x00000fff]
[    0.000000] PM: Registered nosave memory: [mem 0x0009f000-0x0009ffff][    0.000000] PM: Registered nosvememory [em 0x00a000-0x000effff]
[    0.000000] PM: Registered nosave memory: [mem 0x000f0000-0x000fffff]
[    0.000000] e820: [mem 0x80000000-0xfebfffff] available for PCI devices
[    0.000000] Booting paravirtualized kernel on KVM
[   .000000] clocksource: refined-jiffies: mask: 0xffffffff max_cycles 0fffffff,max_idle_ns: 7645519600211568 ns
[   .000000] setup_percpu: NR_CPUS:512 nr_cpumask_bits:512 nr_cpu_ids:2 nr_node_ids:1
[   .00000] ERCPU:Emedded 34paes/cpu @ffff88007f0000 s99480 r8192 d31592 u1048576
[    .00000] Bil 1 zonlits in od orde, obility grouping on.  Total pages: 515960
[   .000000] Policy zone: DMA32
[   .000000] Kernel command line: BOOT_IMAGE=/boot/vmlinuz-4.4.0-142-generic root=UUID=c6f218c1-de2b-429a-a302-0ff038afbc2d ro console=tty1 console=ttyS0
[   .000000] PID hash table entries: 4096 (order: 3, 32768 bytes)
[   .000000 Mmory: 2025356K/09696K available (8603K kernel code, 1332K rwdata, 4004K rodata, 1484K init, 1316K bss, 71340K reserved, 0K cma-reserved)
[    0.000000] SLUB: HWalign=64, Order=0-3, MinObjects=0, CPUs=2, Nodes=1
[    0.000000] Kernel/User page tablesislation: ebled
[    0.000000] Hierarchical RCU implementation.
[    0.000000] 	Build-time adjustment of leaf fanout to 64.
[    0.000000] 	RCU restricting CPUs from NR_CPUS=512 to nr_cpu_ids=2.
[    0.000000] RCU: Adjusting geometry for rcu_fanout_leaf=64, nr_cpu_ids=2
[    0.000000] NR_IRQS:33024 nr_irqs:440 16
[    0.000000] Console: colour VGA+ 80x25
[    0.000000] console [tty1] enabled
[    0.000000] console [ttyS0] enabled
[    0.000000] tsc: Detected 3997.674 MHz processor
[    4.174344] Calibrating delay loop (skipped) reset value..  7995.34 BogoMIPS (lpj=15990696)
[    4.203581] pid_max: default: 32768 minimum: 301
[    4.211318] ACPI: Core revision 20150930
[    4.215688] ACPI: 2 ACPI AML tables successfully acquired and loaded
[    4.227196] Security Framework initialized
[    4.231036] Yama: becoming mindful.
[    4.240562] AppArmor: AppArmor initialized
[    4.255460] Dentry cache hash table entries: 262144 (order: 9, 2097152 bytes)
[    4.268243] Inode-cache hash table entries: 131072 (order: 8, 1048576 bytes)
[    4.295661] Mount-cache hash table entries: 4096 (order: 3, 32768 bytes)
[    4.307653] Mountpoint-cache hash table entries: 4096 (order: 3, 32768 bytes)
[    4.309807] Initializing cgroup subsys io
[    4.311131] Initializing cgroup subsys memory
[    4.312467] Initializing cgroup subsys devices
[    4.319765] Initializing cgroup subsys freezer
[    4.331132] Initializing cgroup subsys net_cls
[    4.362040] Initializing cgroup subsys perf_event
[    4.382860] Initializing cgroup subsys net_prio
[    4.392988] Initializing cgroup subsys hugetlb
[    4.414002] Initializing cgroup subsys pids
[    4.447350] mce: CPU supports 0 MCE banks
[    4.458336] Last level iTLB entries: 4KB 1024, 2MB 1024, 4MB 1024
[    4.464072] Last level dTLB entries: 4KB 1024, 2MB 1024, 4MB 1024, 1GB 4
[    4.479534] Spectre V2 : Mitigation: Full generic retpoline
[    4.491244] Spectre V2 : Spectre v2 / SpectreRSB mitigation: Filling RSB on context switch
[    4.504861] Speculative Store Bypass: Vulnerable
[    4.533959] Freeing SMP alternatives memory: 32K
[    4.546035] ftrace: allocating 32277 entries in 127 pages
[    4.622224] smpboot: APIC(0) Converting physical 0 to logical package 0
[    4.627946] smpboot: Max logical packages: 1
[    4.629853] x2apic enabled
[    4.631341] Switched APIC routing to physical x2apic.
[    4.634999] ..TIMER: vector=0x30 apic1=0 pin1=2 apic2=-1 pin2=-1
[    4.741918] smpboot: CPU0: Intel(R) Core(TM) i7-4790K CPU @ 4.00GHz (family: 0x6, model: 0x3c, stepping: 0x3)
[    4.782648] Performance Events: unsupported p6 CPU model 60 no PMU driver, software events only.
[    4.822302] KVM setup paravirtual spinlock
[    4.836019] x86: Booting SMP configuration:
[    4.839860] .... node  #0, CPUs:      #1
[    4.846705] kvm-clock: cpu 1, msr 0:7ffe3041, secondary cpu clock
[    4.848488] mce: CPU supports 0 MCE banks
[    4.852269] x86: Booted up 1 node, 2 CPUs
[    4.854086] smpboot: Total of 2 processors activated (15990.69 BogoMIPS)
[    4.856578] devtmpfs: initialized
[    4.872271] evm: security.selinux
[    4.878488] evm: security.SMACK64
[    4.879717] evm: security.SMACK64EXEC
[    4.882663] evm: security.SMACK64TRANSMUTE
[    4.886574] evm: security.SMACK64MMAP
[    4.887889] evm: security.ima
[    4.890316] evm: security.capability
[    4.896171] clocksource: jiffies: mask: 0xffffffff max_cycles: 0xffffffff, max_idle_ns: 7645041785100000 ns
[    4.912240] futex hash table entries: 512 (order: 3, 32768 bytes)
[    4.914326] pinctrl core: initialized pinctrl subsystem
[    4.915993] RTC time: 20:51:13, date: 02/09/19
[    4.917678] NET: Registered protocol family 16
[    4.946114] cpuidle: using governor ladder
[    4.966899] cpuidle: using governor menu
[    4.986465] PCCT header not found.
[    4.987767] ACPI: bus type PCI registered
[    4.989060] acpiphp: ACPI Hot Plug PCI Controller Driver version: 0.5
[    4.990954] PCI: Using configuration type 1 for base access
[    5.007066] ACPI: Added _OSI(Module Device)
[    5.010539] ACPI: Added _OSI(Processor Device)
[    5.022121] ACPI: Added _OSI(3.0 _SCP Extensions)
[    5.028223] ACPI: Added _OSI(Processor Aggregator Device)
[    5.035519] ACPI: Executed 1 blocks of module-level executable AML code
[    5.055623] ACPI: Interpreter enabled
[    5.060089] ACPI: (supports S0 S5)
[    5.063101] ACPI: Using IOAPIC for interrupt routing
[    5.081588] PCI: Using host bridge windows from ACPI; if necessary, use "pci=nocrs" and report a bug
[    5.096372] ACPI: PCI Root Bridge [PCI0] (domain 0000 [bus 00-ff])
[    5.103804] acpi PNP0A03:00: _OSC: OS supports [ASPM ClockPM Segments MSI]
[    5.107752] acpi PNP0A03:00: _OSC: not requesting OS control; OS requires [ExtendedConfig ASPM ClockPM MSI]
[    5.122657] acpi PNP0A03:00: fail to add MMCONFIG information, can't access extended PCI configuration space under this bridge.
[    5.159884] PCI host bridge to bus 0000:00
[    5.162229] pci_bus 0000:00: root bus resource [io  0x0000-0x0cf7 window]
[    5.164065] pci_bus 0000:00: root bus resource [io  0x0d00-0xffff window]
[    5.165877] pci_bus 0000:00: root bus resource [mem 0x000a0000-0x000bffff window]
[    5.168230] pci_bus 0000:00: root bus resource [mem 0x80000000-0xfdffffff window]
[    5.182325] pci_bus 0000:00: root bus resource [bus 00-ff]
[    5.191593] pci 0000:00:01.1: legacy IDE quirk: reg 0x10: [io  0x01f0-0x01f7]
[    5.202337] pci 0000:00:01.1: legacy IDE quirk: reg 0x14: [io  0x03f6]
[    5.207566] pci 0000:00:01.1: legacy IDE quirk: reg 0x18: [io  0x0170-0x0177]
[    5.220211] pci 0000:00:01.1: legacy IDE quirk: reg 0x1c: [io  0x0376]
[    5.247276] pci 0000:00:07.0: quirk: [io  0x4000-0x403f] claimed by PIIX4 ACPI
[    5.275503] pci 0000:00:07.0: quirk: [io  0x4100-0x410f] claimed by PIIX4 SMB
[    5.296803] ACPI: PCI Interrupt Link [LNKA] (IRQs 5 9 10 *11)
[    5.304290] ACPI: PCI Interrupt Link [LNKB] (IRQs 5 9 *10 11)
[    5.340884] ACPI: PCI Interrupt Link [LNKC] (IRQs 5 *9 10 11)
[    5.360378] ACPI: PCI Interrupt Link [LNKD] (IRQs 5 9 10 *11)
[    5.373981] ACPI: Enabled 2 GPEs in block 00 to 07
[    5.380939] vgaarb: setting as boot device: PCI:0000:00:02.0
[    5.403733] vgaarb: device added: PCI:0000:00:02.0,decodes=io+mem,owns=io+mem,locks=none
[    5.417190] vgaarb: loaded
[    5.424916] vgaarb: bridge control possible 0000:00:02.0
[    5.448141] SCSI subsystem initialized
[    5.452210] ACPI: bus type USB registered
[    5.453669] usbcore: registered new interface driver usbfs
[    5.466417] usbcore: registered new interface driver hub
[    5.469497] usbcore: registered new device driver usb
[    5.472663] PCI: Using ACPI for IRQ routing
[    5.474527] NetLabel: Initializing
[    5.492286] NetLabel:  domain hash size = 128
[    5.495626] NetLabel:  protocols = UNLABELED CIPSOv4
[    5.513141] NetLabel:  unlabeled traffic allowed by default
[    5.520268] amd_nb: Cannot enumerate AMD northbridges
[    5.523388] clocksource: Switched to clocksource kvm-clock
[    5.569239] AppArmor: AppArmor Filesystem Enabled
[   .572609] pnp: PnP ACPI init
[   5.632889] pnp: PnP ACPI: found 3 devices

[   5.673727] clocksource: acpi_pm: mask: 0xffffff max_cycles: 0xffffff,ma_ilens 2085701024 ns
[   .8327]NE: egistered protocol family 2

[    6.0879] TCP established hash table entries: 16384 (order: 5, 131072 bytes)
[    61665] CPbid as tbl enries: 16384 (ode 6 2214 bytes)
[    6.662507] TCP: Hash tables configured (established 16384bid 16384)
[    6.722278] UDP hash table entries: 1024 (order: 3, 32768 bytes)
[    6.723945] UDP-Lite hash table entries: 1024 (order: 3, 32768 bytes)
[    6.725777] NET: Registered protocol family 1
[    6.727115] pci 0000:00:00.0: Limiting direct PCI/PCI transfers
[    6.728787] pci 0000:00:01.0: Activating ISA DMA hang workarounds
[   .7067]Unacing niramfs...

[    7.524197] Freeing initrd memory: 19368K
[    7.528443] RAPL PMU detected, API unit is 2^-32 Joules, 4 fixed counters 10737418240 ms ovfl timer
[    7.531099] hw unit of domain pp0-core 2^-0 Joules
[    7.532535] hw unit of domain package 2^-0 Joules
[    7.533954] hw unit of domain dram 2^-0 Joules
[    7.535302] hw unit of domain pp1-gpu 2^-0 Joules
[    7.536802] platform rtc_cmos: registered platform RTC device (no PNP device found)
[    7.539272] Scanning for low memory corruption every 60 seconds
[    7.541531] audit: initializing netlink subsys (disabled)
[    7.543078] audit: type=2000 audit(1549745477.583:1): initialized
[    7.545180] Initialise system trusted keyring
[    7.546800] HugeTLB registered 2 MB page size, pre-allocated 0 pages
[    7.555163] zbud: loaded
[    7.556684] VFS: Disk quotas dquot_6.6.0
[    7.557991] VFS: Dquot-cache hash table entries: 512 (order 0, 4096 bytes)
[    7.562096] squashfs: version 4.0 (2009/01/31) Phillip Lougher
[    7.564179] fuse init (API version 7.23)
[    7.567466] Key type big_key registered
[    7.570212] Allocating IMA MOK and blacklist keyrings.
[    7.573005] Key type asymmetric registered
[    7.574295] Asymmetric key parser 'x509' registered
[    7.577064] Block layer SCSI generic (bsg) driver version 0.4 loaded (major 249)
[    7.579583] io scheduler noop registered
[    7.583973] io scheduler deadline registered (default)
[    7.587506] io scheduler cfq registered
[    7.599219] pci_hotplug: PCI Hot Plug PCI Core version: 0.5
[    7.607651] pciehp: PCI Express Hot Plug Controller Driver version: 0.4
[    7.618877] ACPI: AC Adapter [AC] (on-line)
[    7.625073] input: Power Button as /devices/LNXSYSTM:00/LNXPWRBN:00/input/input0
[    7.630947] ACPI: Power Button [PWRF]
[    7.634228] input: Sleep Button as /devices/LNXSYSTM:00/LNXSLPBN:00/input/input1
[    7.636588] ACPI: Sleep Button [SLPF]
[    7.638065] GHES: HEST is not enabled!
[    7.639425] Serial: 8250/16550 driver, 32 ports, IRQ sharing enabled
[    7.667121] 00:02: ttyS0 at I/O 0x3f8 (irq = 4, base_baud = 115200) is a 16550A
[    7.674192] Linux agpgart interface v0.103
[    7.689526] loop: module loaded
[    7.696781] scsi host0: ata_piix
[    7.698120] scsi host1: ata_piix
[    7.700762] ata1: PATA max UDMA/33 cmd 0x1f0 ctl 0x3f6 bmdma 0xd000 irq 14
[    7.710209] ata2: PATA max UDMA/33 cmd 0x170 ctl 0x376 bmdma 0xd008 irq 15
[    7.714957] libphy: Fixed MDIO Bus: probed
[    7.726981] tun: Universal TUN/TAP device driver, 1.6
[    7.730389] tun: (C) 1999-2004 Max Krasnyansky <maxk@qualcomm.com>
[    7.733678] PPP generic driver version 2.4.2
[    7.750627] ehci_hcd: USB 2.0 'Enhanced' Host Controller (EHCI) Driver
[    7.758001] ehci-pci: EHCI PCI platform driver
[    7.763475] ehci-platform: EHCI generic platform driver
[    7.771268] ohci_hcd: USB 1.1 'Open' Host Controller (OHCI) Driver
[    7.778398] ohci-pci: OHCI PCI platform driver
[    7.792409] ohci-platform: OHCI generic platform driver
[    7.795811] uhci_hcd: USB Universal Host Controller Interface driver
[    7.800966] i8042: PNP: PS/2 Controller [PNP0303:PS2K,PNP0f03:PS2M] at 0x60,0x64 irq 1,12
[    7.817920] serio: i8042 KBD port at 0x60,0x64 irq 1
[    7.847991] serio: i8042 AUX port at 0x60,0x64 irq 12
[    7.849653] mousedev: PS/2 mouse device common for all mice
[    7.851863] rtc_cmos rtc_cmos: rtc core: registered rtc_cmos as rtc0
[    7.853684] input: AT Translated Set 2 keyboard as /devices/platform/i8042/serio0/input/input2
[    7.856483] rtc_cmos rtc_cmos: alarms up to one day, 114 bytes nvram
[    7.858253] i2c /dev entries driver
[    7.859499] device-mapper: uevent: version 1.0.3
[    7.861003] device-mapper: ioctl: 4.34.0-ioctl (2015-10-28) initialised: dm-devel@redhat.com
[    7.863611] ledtrig-cpu: registered to indicate activity on CPUs
[    7.865940] NET: Registered protocol family 10
[    7.867923] NET: Registered protocol family 17
[    7.888160] Key type dns_resolver registered
[    7.891635] registered taskstats version 1
[    7.898994] Loading compiled-in X.509 certificates
[    7.921661] Loaded X.509 cert 'Build time autogenerated kernel key: bff73e56bc0efa7435b2a24f5427674623f1be80'
[    7.935134] zswap: loaded using pool lzo/zbud
[    7.938982] Key type trusted registered
[    7.953904] Key type encrypted registered
[    7.957154] AppArmor: AppArmor sha1 policy hashing enabled
[    7.967465] ima: No TPM chip found, activating TPM-bypass!
[    7.972318] ima: Allocated hash algorithm: sha1
[    7.973862] evm: HMAC attrs: 0x1
[    7.990964]   Magic number: 7:113:902
[    7.995123] acpi PNP0501:02: hash matches
[    8.000109] rtc_cmos rtc_cmos: setting system clock to 2019-02-09 20:51:16 UTC (1549745476)
[    8.005738] BIOS EDD facility v0.16 2004-Jun-25, 0 devices found
[    8.013073] EDD information not available.
[    8.021438] Freeing unused kernel memory: 1484K
[    8.043580] Write protecting the kernel read-only data: 14336k
[    8.048928] Freeing unused kernel memory: 1624K
[    8.052198] Freeing unused kernel memory: 92K
Loading, please wait...
starting version[    8.071607] random: systemd-udevd: uninitialized urandom read (16 bytes read, 3 bits of entropy available)
 229
[    8.072454] random: udevadm: uninitialized urandom read (16 bytes read, 3 bits of entropy available)
[    8.072478] random: udevadm: uninitialized urandom read (16 bytes read, 3 bits of entropy available)
[    8.086721] random: udevadm: uninitialized urandom read (16 bytes read, 3 bits of entropy available)
[    8.086780] random: udevadm: uninitialized urandom read (16 bytes read, 3 bits of entropy available)
[    8.086987] random: udevadm: uninitialized urandom read (16 bytes read, 3 bits of entropy available)
[    8.087061] random: udevadm: uninitialized urandom read (16 bytes read, 3 bits of entropy available)
[    8.087136] random: udevadm: uninitialized urandom read (16 bytes read, 3 bits of entropy available)
[    8.087213] random: udevadm: uninitialized urandom read (16 bytes read, 3 bits of entropy available)
[    8.087288] random: udevadm: uninitialized urandom read (16 bytes read, 3 bits of entropy available)
[    8.181017] Fusion MPT base driver 3.04.20
[    8.192039] Copyright (c) 1999-2008 LSI Corporation
[    8.214072] e1000: Intel(R) PRO/1000 Network Driver - version 7.3.21-k8-NAPI
[    8.226495] e1000: Copyright (c) 1999-2006 Intel Corporation.
[    8.237466] [drm] Initialized drm 1.1.0 20060810
[    8.266836] Fusion MPT SPI Host driver 3.04.20
[    8.287108] AVX2 version of gcm_enc/dec engaged.
[    8.288590] AES CTR mode by8 optimization enabled
[    8.311725] vboxvideo: loading out-of-tree module taints kernel.
[    8.356529] vboxvideo: module verification failed: signature and/or required key missing - tainting kernel
[    8.413314] input: ImExPS/2 Generic Explorer Mouse as /devices/platform/i8042/serio1/input/input4
[    8.536876] tsc: Refined TSC clocksource calibration: 3995.567 MHz
[    8.546084] clocksource: tsc: mask: 0xffffffffffffffff max_cycles: 0x73300272c83, max_idle_ns: 881590990825 ns
[    8.703403] e1000 0000:00:03.0 eth0: (PCI:33MHz:32-bit) 02:82:01:2e:28:d8
[    9.653946] e1000 0000:00:03.0 eth0: Intel(R) PRO/1000 Network Connection
[    9.656957] mptbase: ioc0: Initiating bringup
[    9.657015] e1000 0000:00:03.0 enp0s3: renamed from eth0
[    9.728174] ioc0: LSI53C1030 A0: Capabilities={Initiator}
[    9.905630] scsi host2: ioc0: LSI53C1030 A0, FwRev=00000000h, Ports=1, MaxQ=256, IRQ=20
[   10.020589] scsi 2:0:0:0: Direct-Access     VBOX     HARDDISK         1.0  PQ: 0 ANSI: 5
[   10.688320] scsi target2:0:0: Beginning Domain Validation
[   10.688418] [drm] VRAM 01000000
[   10.688668] [TTM] Zone  kernel: Available graphics memory: 1023978 kiB
[   10.688669] [TTM] Initializing pool allocator
[   10.688675] [TTM] Initializing DMA pool allocator
[   10.709214] fbcon: vboxdrmfb (fb0) is primary device
[   10.710731] scsi target2:0:0: Domain Validation skipping write tests
[   10.710733] scsi target2:0:0: Ending Domain Validation
[   10.710800] scsi target2:0:0: asynchronous
[   10.719791] scsi 2:0:1:0: Direct-Access     VBOX     HARDDISK         1.0  PQ: 0 ANSI: 5
[   10.719797] scsi target2:0:1: Beginning Domain Validation
[   10.721033] scsi target2:0:1: Domain Validation skipping write tests
[   10.721035] scsi target2:0:1: Ending Domain Validation
[   10.721094] scsi target2:0:1: asynchronous
[   10.724204] Console: switching to colour frame buffer device 100x37
[   10.739567] sd 2:0:0:0: Attached scsi generic sg0 type 0
[   10.744326] sd 2:0:1:0: [sdb] 20480 512-byte logical blocks: (10.5 MB/10.0 MiB)
[   10.744480] sd 2:0:1:0: [sdb] Write Protect is off
[   10.744576] sd 2:0:1:0: [sdb] Incomplete mode parameter data
[   10.744579] sd 2:0:1:0: [sdb] Assuming drive cache: write through
[   10.750869] sd 2:0:0:0: [sda] 20971520 512-byte logical blocks: (10.7 GB/10.0 GiB)
[   10.750889] sd 2:0:1:0: Attached scsi generic sg1 type 0
[   10.755454] sd 2:0:0:0: [sda] Write Protect is off
[   10.757014] sd 2:0:0:0: [sda] Incomplete mode parameter data
[   10.757016] sd 2:0:0:0: [sda] Assuming drive cache: write through
[   10.764801] sd 2:0:1:0: [sdb] Attached SCSI disk
[   10.773327]  sda: sda1
[   10.774826] vboxvideo 0000:00:02.0: fb0: vboxdrmfb frame buffer device
[   10.777308] sd 2:0:0:0: [sda] Attached SCSI disk
[   10.791520] [drm] Initialized vboxvideo 1.0.0 20130823 for 0000:00:02.0 on minor 0
Begin: Loading essential drivers[   10.938865] md: linear personality registered for level -1
 ... [   10.953010] md: multipath personality registered for level -4
[   10.960738] md: raid0 personality registered for level 0
[   10.974115] md: raid1 personality registered for level 1
[   11.059675] raid6: sse2x1   gen()  3343 MB/s
[   11.135610] raid6: sse2x1   xor()  2273 MB/s
[   11.207829] raid6: sse2x2   gen()  5746 MB/s
[   11.287409] raid6: sse2x2   xor()  3807 MB/s
[   11.359624] raid6: sse2x4   gen()  8559 MB/s
[   11.435724] raid6: sse2x4   xor()  5133 MB/s
[   11.507951] raid6: avx2x1   gen()  7055 MB/s
[   11.580172] raid6: avx2x2   gen() 13308 MB/s
[   11.656295] raid6: avx2x4   gen() 17436 MB/s
[   11.660901] raid6: using algorithm avx2x4 gen() 17436 MB/s
[   11.666131] raid6: using avx2x2 recovery algorithm
[   11.678948] xor: automatically using best checksumming function:
[   11.723609]    avx       : 22281.000 MB/sec
[   11.735781] async_tx: api initialized (async)
[   11.773549] md: raid6 personality registered for level 6
[   11.793678] md: raid5 personality registered for level 5
[   11.795412] md: raid4 personality registered for level 4
[   11.805165] md: raid10 personality registered for level 10
done.
Begin: Running /scripts/init-premount ... done.
Begin: Mounting root file system ... Begin: Running /scripts/local-top ... done.
Begin: Running /scripts/local-premount ... [   11.869381] Btrfs loaded
Scanning for Btrfs filesystems
done.
Warning: fsck not present, so skipping root file system
[   11.939027] EXT4-fs (sda1): mounted filesystem with ordered data mode. Opts: (null)
done.
Begin: Running /scripts/local-bottom ... done.
Begin: Running /scripts/init-bottom ... done.
[   12.653267] systemd[1]: systemd 229 running in system mode. (+PAM +AUDIT +SELINUX +IMA +APPARMOR +SMACK +SYSVINIT +UTMP +LIBCRYPTSETUP +GCRYPT +GNUTLS +ACL +XZ -LZ4 +SECCOMP +BLKID +ELFUTILS +KMOD -IDN)
[   12.696597] systemd[1]: Detected virtualization oracle.
[   12.712867] systemd[1]: Detected architecture x86-64.

Welcome to [1mUbuntu 16.04.5 LTS[0m!

[   12.757860] systemd[1]: Set hostname to <ubuntu-xenial>.
[   13.177848] random: nonblocking pool is initialized
[   13.849510] systemd[1]: Reached target Swap.
[[0;32m  OK  [0m] Reached target Swap.
[   13.864446] systemd[1]: Listening on LVM2 poll daemon socket.
[[0;32m  OK  [0m] Listening on LVM2 poll daemon socket.
[   13.869578] systemd[1]: Listening on Journal Audit Socket.
[[0;32m  OK  [0m] Listening on Journal Audit Socket.
[   13.873193] systemd[1]: Created slice User and Session Slice.
[[0;32m  OK  [0m] Created slice User and Session Slice.
[   13.876372] systemd[1]: Listening on /dev/initctl Compatibility Named Pipe.
[[0;32m  OK  [0m] Listening on /dev/initctl Compatibility Named Pipe.
[   13.927829] systemd[1]: Listening on Journal Socket.
[[0;32m  OK  [0m] Listening on Journal Socket.
[   13.968009] systemd[1]: Reached target User and Group Name Lookups.
[[0;32m  OK  [0m] Reached target User and Group Name Lookups.
[   14.004525] systemd[1]: Reached target System Time Synchronized.
[[0;32m  OK  [0m] Reached target System Time Synchronized.
[   14.044608] systemd[1]: Started Trigger resolvconf update for networkd DNS.
[[0;32m  OK  [0m] Started Trigger resolvconf update for networkd DNS.
[   14.076084] systemd[1]: Set up automount Arbitrary Executable File Formats File System Automount Point.
[[0;32m  OK  [0m] Set up automount Arbitrary Executab...ats File System Automount Point.
[   14.123786] systemd[1]: Listening on LVM2 metadata daemon socket.
[[0;32m  OK  [0m] Listening on LVM2 metadata daemon socket.
[   14.148196] systemd[1]: Listening on Device-mapper event daemon FIFOs.
[[0;32m  OK  [0m] Listening on Device-mapper event daemon FIFOs.
[   14.176533] systemd[1]: Listening on Syslog Socket.
[[0;32m  OK  [0m] Listening on Syslog Socket.
[   14.203982] systemd[1]: Listening on udev Kernel Socket.
[[0;32m  OK  [0m] Listening on udev Kernel Socket.
[   14.214023] systemd[1]: Listening on udev Control Socket.
[[0;32m  OK  [0m] Listening on udev Control Socket.
[   14.228271] systemd[1]: Started Forward Password Requests to Wall Directory Watch.
[[0;32m  OK  [0m] Started Forward Password Requests to Wall Directory Watch.
[   14.264458] systemd[1]: Listening on Journal Socket (/dev/log).
[[0;32m  OK  [0m] Listening on Journal Socket (/dev/log).
[   14.287942] systemd[1]: Reached target Encrypted Volumes.
[[0;32m  OK  [0m] Reached target Encrypted Volumes.
[   14.291939] systemd[1]: Created slice System Slice.
[[0;32m  OK  [0m] Created slice System Slice.
[   14.295374] systemd[1]: Created slice system-serial\x2dgetty.slice.
[[0;32m  OK  [0m] Created slice system-serial\x2dgetty.slice.
[   14.312091] systemd[1]: Mounting Debug File System...
         Mounting Debug File System...
[   14.348069] systemd[1]: Mounting Huge Pages File System...
         Mounting Huge Pages File System...
[   14.380511] systemd[1]: Starting Set console keymap...
         Starting Set console keymap...
[   14.439552] systemd[1]: Starting Create list of required static device nodes for the current kernel...
         Starting Create list of required st... nodes for the current kernel...
[   14.495642] systemd[1]: Starting Monitoring of LVM2 mirrors, snapshots etc. using dmeventd or progress polling...
         Starting Monitoring of LVM2 mirrors... dmeventd or progress polling...
[   14.524134] systemd[1]: Starting Remount Root and Kernel File Systems...
         Starting Remount Root and Kernel File Systems...
[   14.536215] systemd[1]: Starting Nameserver information manager...
         Starting Nameserver information manager...
[   14.550659] EXT4-fs (sda1): re-mounted. Opts: (null)
[   14.565840] systemd[1]: Starting Journal Service...
         Starting Journal Service...
[   14.608262] systemd[1]: Reached target Slices.
[[0;32m  OK  [0m] Reached target Slices.
[   14.643559] systemd[1]: Starting Uncomplicated firewall...
         Starting Uncomplicated firewall...
[   14.690276] systemd[1]: Starting Load Kernel Modules...
         Starting Load Kernel Modules...
[   14.705383] systemd[1]: Started Braille Device Support.
[[0;32m  OK  [0m] Started Braille Device Support.
[   14.743755] systemd[1]: Mounting POSIX Message Queue File System...
         Mounting POSIX Message Queue File System...
[   14.750342] systemd[1]: Mounted Huge Pages File System.
[[0;32m  OK  [0m] Mounted Huge Pages File System.
[   14.772644] systemd[1]: Mounted POSIX Message Queue File System.
[   14.782998] lp: driver loaded but no devices found
[[0;32m  OK  [0m] Mounted POSIX Message Queue F[   14.797647] ppdev: user-space parallel port driver
ile System.
[   14.807783] systemd[1]: Mounted Debug File System.
[[0;32m  OK  [0m] Mounted Debug File System.
[   14.825207] Loading iSCSI transport class v2.0-870.
[   14.846835] systemd[1]: Started Journal Service.
[[0;32m  OK  [0m] Started Journal Service.
[[0;32m  OK  [0[   14.872096] iscsi: registered transport (tcp)
m] Started Set console keymap.
[[0;32m  OK  [0m] Started Create list of required sta...ce nodes for the current kernel.
[[0;32m  OK  [0m] Started Remount Root and Kernel File Systems.
[   14.969538] iscsi: registered transport (iser)
[[0;32m  OK  [0m] Started Uncomplicated firewall.
[[0;32m  OK  [0m] Started Load Kernel Modules.
[[0;32m  OK  [0m] Started Nameserver information manager.
[[0;32m  OK  [0m] Started LVM2 metadata daemon.
         Mounting FUSE Control File System...
         Starting Apply Kernel Variables...
         Starting Load/Save Random Seed...
         Starting udev Coldplug all Devices...
         Starting Create Static Device Nodes in /dev...
         Starting Flush Journal to Persistent Storage...
[[0;32m  OK  [0m] Mounted FUSE Control File System.
[[0;32m  OK  [0m] Started Apply Kernel Variables.
[[0;32m  OK  [0m] Started Load/Save Random Seed.
[[0;32m  OK  [0m] Started udev Coldplug all Devices.
[[0;32m  OK  [0m] Started Flush Journal to Persistent Storage.
[[0;32m  OK  [0m] Started Create Static Device Nodes in /dev.
         Starting udev Kernel Device Manager...
[[0;32m  OK  [0m] Started Monitoring of LVM2 mirrors,...ng dmeventd or progress polling.
[[0;32m  OK  [0m] Reached target Local File Systems (Pre).
[[0;32m  OK  [0m] Reached target Local File Systems.
         Starting LSB: AppArmor initialization...
         Starting Initial cloud-init job (pre-networking)...
         Starting Create Volatile Files and Directories...
         Starting Tell Plymouth To Write Out Runtime Data...
         Starting Set console font and keymap...
         Starting Enable support for additional executable binary formats...
[[0;32m  OK  [0m] Started Tell Plymouth To Write Out Runtime Data.
[[0;32m  OK  [0m] Started Create Volatile Files and Directories.
         Starting Update UTMP about System Boot/Shutdown...
         Mounting Arbitrary Executable File Formats File System...
[[0;32m  OK  [0m] Started Update UTMP about System Boot/Shutdown.
[[0;32m  OK  [0m] Mounted Arbitrary Executable File Formats File System.
[[0;32m  OK  [0m] Started Enable support for additional executable binary formats.
[[0;32m  OK  [0m] Started Set console font and keymap.
[[0;32m  OK  [0m] Created slice system-getty.slice.
[[0;32m  OK  [0m] Started udev Kernel Device Manager.
[[0;32m  OK  [0m] Started Dispatch Password Requests to Console Directory Watch.
[[0;32m  OK  [0m] Started LSB: AppArmor initialization.
[[0;32m  OK  [0m] Found device /dev/ttyS0.
[[0;32m  OK  [0m] Listening on Load/Save RF Kill Switch Status /dev/rfkill Watch.
[[0;32m  OK  [0m] Found device 82540EM Gigabit Ethern...r (PRO/1000 MT Desktop Adapter).
[   14.988220] cloud-init[481]: Cloud-init v. 18.4-0ubuntu1~16.04.2 running 'init-local' at Sat, 09 Feb 2019 20:51:27 +0000. Up 14.49 seconds.
[[0;32m  OK  [0m] Started Initial cloud-init job (pre-networking).
[[0;32m  OK  [0m] Reached target Network (Pre).
[[0;32m  OK  [0m] Started ifup for enp0s3.
         Starting Raise network interfaces...
[[0;32m  OK  [0m] Started Raise network interfaces.
         Starting Initial cloud-init job (metadata service crawler)...
[   16.971750] cloud-init[1063]: Cloud-init v. 18.4-0ubuntu1~16.04.2 running 'init' at Sat, 09 Feb 2019 20:51:29 +0000. Up 16.42 seconds.
[   17.005504] cloud-init[1063]: ci-info: +++++++++++++++++++++++++++++++++++++Net device info++++++++++++++++++++++++++++++++++++++
[   17.064633] [cloud-init[0;32m  OK  [0m[1063]: ] ci-info: +--------+------+---------------------------+---------------+--------+-------------------+Started Initial cloud-init job (metadata service crawler).

[   17.065181] cloud-init[1063]: ci-info: | Device |  Up  |          Address          |      Mask     | Scope  |     Hw-Address    |[[0;32m  OK  [0m] Reached target Cloud-config availability.

[[0;32m  OK  [0m] Reached target System Initialization.
[   17.113309]          cloud-initStarting LXD - unix socket.[1063]: 
ci-info: +--------+------+---------------------------+---------------+--------+-------------------+
[   17.118725] [cloud-init[0;32m  OK  [0m[1063]: ] ci-info: | enp0s3 | True |         10.0.2.15         | 255.255.255.0 | global | 02:82:01:2e:28:d8 |Listening on D-Bus System Message Bus Socket.

         Starting Socket activation for snappy daemon.
[   17.119289] [[0;32m  OK  [0m] Listening on Avahi mDNS/DNS-SD Stack Activation Socket.
cloud-init[1063]: ci-info: | enp0s3 | True | fe80::82:1ff:fe2e:28d8/64 |       .       |  link  | 02:82:01:2e:28:d8 |
[   17.320562] [cloud-init[0;32m  OK  [0m[1063]: ] ci-info: |   lo   | True |         127.0.0.1         |   255.0.0.0   |  host  |         .         |Listening on CUPS Scheduler.

[   17.448526] [cloud-init[0;32m  OK  [0m[1063]: ] ci-info: |   lo   | True |          ::1/128          |       .       |  host  |         .         |Started Daily Cleanup of Temporary Directories.

[   17.449094] cloud-init[1063]: ci-info: +--------+------+---------------------------+---------------+--------+-------------------+
[   17.584597] [cloud-init[0;32m  OK  [0m[1063]: ] ci-info: +++++++++++++++++++++++++++Route IPv4 info++++++++++++++++++++++++++++Started CUPS Scheduler.

[   17.668612] [cloud-init[0;32m  OK  [0m[1063]: ] ci-info: +-------+-------------+----------+---------------+-----------+-------+Listening on UUID daemon activation socket.

[   17.754647] cloud-init[1063]: ci-info: | Route | Destination | Gateway  |    Genmask    | Interface | Flags |
[[0;32m  OK  [0m] Started Daily apt download activities.
[[0;32m  OK  [0m] Started Daily apt upgrade and clean activities.
[   17.755291] [[0;32m  OK  [0m] Reached target Timers.
cloud-init[1063]: ci-info: +-------+-------------+----------+---------------+-----------+-------+
[   17.864402] [cloud-init[0;32m  OK  [0m[1063]: ] ci-info: |   0   |   0.0.0.0   | 10.0.2.2 |    0.0.0.0    |   enp0s3  |   UG  |Listening on ACPID Listen Socket.

[   17.957173] [cloud-init[0;32m  OK  [0m[1063]: ] ci-info: |   1   |   10.0.2.0  | 0.0.0.0  | 255.255.255.0 |   enp0s3  |   U   |Started ACPI Events Check.

[   18.057193] [cloud-init[0;32m  OK  [0m[1063]: ] ci-info: |   2   | 169.254.0.0 | 0.0.0.0  |  255.255.0.0  |   enp0s3  |   U   |Reached target Paths.

[   18.148603] [cloud-init[0;32m  OK  [0m[1063]: ] ci-info: +-------+-------------+----------+---------------+-----------+-------+Listening on LXD - unix socket.

[   18.164353] [[0;32m  OK  [0m] Listening on Socket activation for snappy daemon.
cloud-init[[0;32m  OK  [0m] Reached target Sockets.
[1063]: ci-info: +++++++++++++++++++Route IPv6 info+++++++++++++++++++
[   18.185206] [cloud-init[0;32m  OK  [0m[1063]: ] ci-info: +-------+-------------+---------+-----------+-------+Reached target Basic System.

[   18.208067] [cloud-init[0;32m  OK  [0m[1063]: ] ci-info: | Route | Destination | Gateway | Interface | Flags |Started Deferred execution scheduler.

[   18.208615] cloud-init[1063]: ci-info: +-------+-------------+---------+-----------+-------+
[   18.285103] [cloud-init[0;32m  OK  [0m[1063]: ] ci-info: |   0   |  fe80::/64  |    ::   |   enp0s3  |   U   |Started ACPI event daemon.

[   18.336957] [cloud-init[0;32m  OK  [0m[1063]: ] ci-info: |   3   |   ff00::/8  |    ::   |   enp0s3  |   U   |Started CUPS Scheduler.

[   18.337825] cloud-init[1063]: ci-info: +-------+-------------+---------+-----------+-------+
         Starting Restore /etc/resolv.conf i...re the ppp link was shut down...
         Starting Accounts Service...
         Starting Detect the available GPUs and deal with any system changes...
[[0;32m  OK  [0m] Started D-Bus System Message Bus.
         Starting Avahi mDNS/DNS-SD Stack...
         Starting Network Manager...
         Starting Login Service...
         Starting vboxadd.service...
[[0;32m  OK  [0m] Started Regular background program processing daemon.
         Starting Snappy daemon...
         Starting LSB: MD monitoring daemon...
         Starting LSB: Record successful boot for GRUB...
         Starting System Logging Service...
[[0;32m  OK  [0m] Started FUSE filesystem for LXC.
[[0;32m  OK  [0m] Started Run anacron jobs.
         Starting LXD - container startup/shutdown...
[[0;32m  OK  [0m] Started Restore /etc/resolv.conf if...fore the ppp link was shut down.
[[0;32m  OK  [0m] Started Detect the available GPUs and deal with any system changes.
[[0;32m  OK  [0m] Started Avahi mDNS/DNS-SD Stack.
[[0;32m  OK  [0m] Started Make remote CUPS printers available locally.
[[0;32m  OK  [0m] Started Login Service.
[[0;32m  OK  [0m] Started LSB: Record successful boot for GRUB.
[[0;32m  OK  [0m] Started LSB: MD monitoring daemon.
[[0;32m  OK  [0m] Started System Logging Service.
         Starting Authenticate and Authorize Users to Run Privileged Tasks...
[[0;32m  OK  [0m] Started Authenticate and Authorize Users to Run Privileged Tasks.
[[0;32m  OK  [0m] Started Accounts Service.
[[0;32m  OK  [0m] Started Network Manager.
         Starting Network Manager Wait Online...
[[0;32m  OK  [0m] Reached target Network.
[[0;32m  OK  [0m] Started Unattended Upgrades Shutdown.
         Starting Network Manager Script Dispatcher Service...
[[0;32m  OK  [0m] Started Network Manager Script Dispatcher Service.
         Starting Hostname Service...
[[0;32m  OK  [0m] Started Hostname Service.
[[0;32m  OK  [0m] Started Snappy daemon.
         Starting Wait until snapd is fully seeded...
[[0;32m  OK  [0m] Started LXD - container startup/shutdown.
[[0;32m  OK  [0m] Started Wait until snapd is fully seeded.
[[0;32m  OK  [0m] Started Network Manager Wait Online.
[[0;32m  OK  [0m] Reached target Network is Online.
         Starting OpenBSD Secure Shell server...
         Starting /etc/rc.local Compatibility...
         Starting iSCSI initiator daemon (iscsid)...
         Starting Apply the settings specified in cloud-config...
[[0;32m  OK  [0m] Started crash report submission daemon.
[[0;32m  OK  [0m] Started /etc/rc.local Compatibility.
[[0;32m  OK  [0m] Started iSCSI initiator daemon (iscsid).
         Starting Login to default iSCSI targets...
[[0;32m  OK  [0m] Started Login to default iSCSI targets.
[[0;32m  OK  [0m] Reached target Remote File Systems (Pre).
[[0;32m  OK  [0m] Reached target Remote File Systems.
         Starting LSB: Speech Dispatcher...
         Starting LSB: daemon to balance interrupts for SMP systems...
         Starting LSB: automatic crash report generation...
         Starting LSB: Set the CPU Frequency Scaling governor to "ondemand"...
         Starting LSB: disk temperature monitoring daemon...
         Starting Permit User Sessions...
[[0;32m  OK  [0m] Started Permit User Sessions.
[[0;32m  OK  [0m] Started OpenBSD Secure Shell server.
[[0;32m  OK  [0m] Started LSB: Speech Dispatcher.
[[0;32m  OK  [0m] Started LSB: Set the CPU Frequency Scaling governor to "ondemand".
[[0;32m  OK  [0m] Started LSB: daemon to balance interrupts for SMP systems.
[[0;32m  OK  [0m] Started LSB: disk temperature monitoring daemon.
         Starting Hold until boot process finishes up...
[[0;32m  OK  [0m] Started Hold until boot process finishes up.
[[0;32m  OK  [0m] Started LSB: automatic crash report generation.
         Starting Set console scheme...
[[0;32m  OK  [0m] Started Serial Getty on ttyS0.
[[0;32m  OK  [0m] Started Getty on tty1.
[[0;32m  OK  [0m] Reached target Login Prompts.
[[0;32m  OK  [0m] Started Set console scheme.
[   23.240290] cloud-init[1260]: Cloud-init v. 18.4-0ubuntu1~16.04.2 running 'modules:config' at Sat, 09 Feb 2019 20:51:36 +0000. Up 22.92 seconds.
[[0;32m  OK  [0m] Started Apply the settings specified in cloud-config.
[[0;32m  OK  [0m] Created slice User Slice of vagrant.
         Starting User Manager for UID 1000...
[[0;32m  OK  [0m] Started Session 1 of user vagrant.
[[0;32m  OK  [0m] Started User Manager for UID 1000.
[[0;32m  OK  [0m] Started vboxadd.service.
         Starting vboxadd-service.service...
         Starting GNOME Display Manager...
[[0;32m  OK  [0m] Started vboxadd-service.service.
[[0;32m  OK  [0m] Reached target Multi-User System.
         Starting Execute cloud user/final scripts...
[[0;32m  OK  [0m] Started GNOME Display Manager.
[[0;32m  OK  [0m] Reached target Graphical Interface.
         Starting Update UTMP about System Runlevel Changes...
[[0;32m  OK  [0m] Started Update UTMP about System Runlevel Changes.
[[0;32m  OK  [0m] Created slice User Slice of gdm.
         Starting User Manager for UID 124...
[[0;32m  OK  [0m] Started Session c1 of user gdm.
[[0;32m  OK  [0m] Started User Manager for UID 124.
[   26.248077] cloud-init[1541]: Cloud-init v. 18.4-0ubuntu1~16.04.2 running 'modules:final' at Sat, 09 Feb 2019 20:51:39 +0000. Up 25.99 seconds.
[   26.289168] cloud-init[1541]: Cloud-init v. 18.4-0ubuntu1~16.04.2 finished at Sat, 09 Feb 2019 20:51:39 +0000. Datasource DataSourceNoCloud [seed=/dev/sdb][dsmode=net].  Up 26.23 seconds
[[0;32m  OK  [0m] Started Execute cloud user/final scripts.
[[0;32m  OK  [0m] Reached target Cloud-init target.

Ubuntu 16.04.5 LTS ubuntu-xenial ttyS0

ubuntu-xenial login: [[0;32m  OK  [0m] Stopped target Timers.
[[0;32m  OK  [0m] Stopped target Cloud-init target.
         Stopping Disk Manager...
         S         Stopping LSB: disk temperature monitoring daemon...
         Stopping LSB: Speech Dispatcher...
         Stopping Unattended Upgrades Shutdown...
         Stopping Make remote CUPS printers available locally...
         Stopping LSB: Record successful boot for GRUB...
         Stopping LXD - container startup/shutdown...
         Stopping LSB: automatic crash report generation...
         Stopping Regular background program processing daemon...
         Stopping FUSE filesystem for LXC...
         Stopping LSB: daemon to balance interrupts for SMP systems...
         Stopping Deferred execution scheduler...
[[0;32m  OK  [0m] Stopped Wait until snapd is fully seeded.
         Stopping Snappy daemon...
         Stopping System Logging Service...
         Stopping crash report submission daemon...
         Stopping User Manager for UID 1000...
         Stopping User Manager for UID 124...
         Stopping OpenBSD Secure Shell server...
[[0;32m  OK  [0m] Unmounted /run/user/1000/gvfs.
[[0;32m  OK  [0m] Unmounted /var/lib/lxcfs.
[[0;32m  OK  [0m] Stopped Deferred execution scheduler.
[[0;32m  OK  [0m] Stopped ACPI event daemon.
[[0;32m  OK  [0m] Stopped Accounts Service.
[[0;32m  OK  [0m] Stopped Regular background program processing daemon.
[[0;32m  OK  [0m] Stopped Snappy daemon.
[[0;32m  OK  [0m] Stopped System Logging Service.
[[0;32m  OK  [0m] Stopped Make remote CUPS printers available locally.
[[0;32m  OK  [0m] Stopped Authenticate and Authorize Users to Run Privileged Tasks.
[[0;32m  OK  [0m] Stopped crash report submission daemon.
[[0;32m  OK  [0m] Stopped OpenBSD Secure Shell server.
[[0;32m  OK  [0m] Stopped Serial Getty on ttyS0.
[[0;32m  OK  [0m] Stopped Getty on tty1.
[[0;32m  OK  [0m] Stopped User Manager for UID 124.
[[0;32m  OK  [0m] Stopped Daemon for power management.
[[0;32m  OK  [0m] Stopped Manage, Install and Generate Color Profiles.
[[0;32m  OK  [0m] Stopped RealtimeKit Scheduling Policy Service.
[[0;32m  OK  [0m] Stopped User Manager for UID 1000.
[[0;32m  OK  [0m] Stopped Disk Manager.
[[0;32m  OK  [0m] Stopped Daemon for generating UUIDs.
[[0;32m  OK  [0m] Stopped vboxadd-service.service.
[[0;32m  OK  [0m] Stopped Unattended Upgrades Shutdown.
[[0;32m  OK  [0m] Stopped FUSE filesystem for LXC.
[[0;32m  OK  [0m] Stopped LSB: Set the CPU Frequency Scaling governor to "ondemand".
[[0;32m  OK  [0m] Stopped LSB: MD monitoring daemon.
[[0;32m  OK  [0m] Stopped LSB: disk temperature monitoring daemon.
[[0;32m  OK  [0m] Stopped LSB: Speech Dispatcher.
[[0;32m  OK  [0m] Stopped LSB: Record successful boot for GRUB.
[[0;32m  OK  [0m] Stopped LSB: automatic crash report generation.
[[0;32m  OK  [0m] Stopped LXD - container startup/shutdown.
[[0;32m  OK  [0m] Stopped LSB: daemon to balance interrupts for SMP systems.
[[0;32m  OK  [0m] Removed slice system-getty.slice.
[[0;32m  OK  [0m] Removed slice system-serial\x2dgetty.slice.
         Stopping CUPS Scheduler...
         Stopping Avahi mDNS/DNS-SD Stack...
[[0;32m  OK  [0m] Stopped CUPS Scheduler.
[[0;32m  OK  [0m] Stopped Avahi mDNS/DNS-SD Stack.
[[0;32m  OK  [0m] Stopped GNOME Display Manager.
[[0;32m  OK  [0m] Stopped Session 10 of user vagrant.
[[0;32m  OK  [0m] Stopped /etc/rc.local Compatibility.
         Stopping Firmware update daemon...
         Stopping vboxadd.service...
[[0;32m  OK  [0m] Stopped Firmware update daemon.
[[0;32m  OK  [0m] Stopped Session c1 of user gdm.
[[0;32m  OK  [0m] Stopped Session 2 of user vagrant.
[[0;32m  OK  [0m] Removed slice User Slice of vagrant.
[[0;32m  OK  [0m] Removed slice User Slice of gdm.
         Stopping Login Service...
         Stopping Permit User Sessions...
[[0;32m  OK  [0m] Stopped Permit User Sessions.
[[0;32m  OK  [0m] Stopped User Manager for UID 124.
[[0;32m  OK  [0m] Stopped target Remote File Systems.
[[0;32m  OK  [0m] Stopped target Remote File Systems (Pre).
         Stopping Login to default iSCSI targets...
[[0;32m  OK  [0m] Stopped Login Service.
[[0;32m  OK  [0m] Stopped target User and Group Name Lookups.
[[0;32m  OK  [0m] Stopped Login to default iSCSI targets.
         Stopping iSCSI initiator daemon (iscsid)...
[[0;32m  OK  [0m] Stopped iSCSI initiator daemon (iscsid).
[[0;32m  OK  [0m] Stopped target Network is Online.
[[0;32m  OK  [0m] Stopped Network Manager Wait Online.
[[0;32m  OK  [0m] Stopped target Network.
         Stopping WPA supplicant...
         Stopping Network Manager...
[[0;32m  OK  [0m] Stopped WPA supplicant.
[[0;32m  OK  [0m] Stopped Network Manager.
         Stopping D-Bus System Message Bus...
[[0;32m  OK  [0m] Stopped D-Bus System Message Bus.
[[0;32m  OK  [0m] Unmounted /vagrant.
[[0;32m  OK  [0m] Stopped vboxadd.service.
[[0;32m  OK  [0m] Stopped target Basic System.
[[0;32m  OK  [0m] Stopped target Sockets.
[[0;32m  OK  [0m] Closed Avahi mDNS/DNS-SD Stack Activation Socket.
[[0;32m  OK  [0m] Closed UUID daemon activation socket.
[[0;32m  OK  [0m] Closed LXD - unix socket.
[[0;32m  OK  [0m] Closed Socket activation for snappy daemon.
[[0;32m  OK  [0m] Closed D-Bus System Message Bus Socket.
[[0;32m  OK  [0m] Closed CUPS Scheduler.
[[0;32m  OK  [0m] Closed Syslog Socket.
[[0;32m  OK  [0m] Closed ACPID Listen Socket.
[[0;32m  OK  [0m] Stopped target Slices.
[[0;32m  OK  [0m] Removed slice User and Session Slice.
[[0;32m  OK  [0m] Stopped target Paths.
[[0;32m  OK  [0m] Stopped Forward Password Requests to Wall Directory Watch.
[[0;32m  OK  [0m] Stopped ACPI Events Check.
[[0;32m  OK  [0m] Stopped CUPS Scheduler.
[[0;32m  OK  [0m] Stopped Dispatch Password Requests to Console Directory Watch.
[[0;32m  OK  [0m] Stopped target System Initialization.
[[0;32m  OK  [0m] Stopped target Encrypted Volumes.
         Stopping Load/Save Random Seed...
[[0;32m  OK  [0m] Stopped target Swap.
[[0;32m  OK  [0m] Stopped Initial cloud-init job (metadata service crawler).
         Stopping Raise network interfaces...
         Stopping Update UTMP about System Boot/Shutdown...
[[0;32m  OK  [0m] Stopped Load/Save Random Seed.
[[0;32m  OK  [0m] Stopped Update UTMP about System Boot/Shutdown.
[[0;32m  OK  [0m] Stopped Create Volatile Files and Directories.
[[0;32m  OK  [0m] Stopped Raise network interfaces.
[[0;32m  OK  [0m] Stopped Apply Kernel Variables.
[[0;32m  OK  [0m] Stopped Load Kernel Modules.
[[0;32m  OK  [0m] Stopped target Network (Pre).
[[0;32m  OK  [0m] Stopped Initial cloud-init job (pre-networking).
[[0;32m  OK  [0m] Stopped target Local File Systems.
         Unmounting /run/user/124...
         Unmounting /run/user/1000...
[[0;32m  OK  [0m] Unmounted /run/user/124.
[[0;32m  OK  [0m] Unmounted /run/user/1000.
[[0;32m  OK  [0m] Reached target Unmount All Filesystems.
[[0;32m  OK  [0m] Stopped target Local File Systems (Pre).
[[0;32m  OK  [0m] Stopped Remount Root and Kernel File Systems.
         Stopping Monitoring of LVM2 mirrors... dmeventd or progress polling...
[[0;32m  OK  [0m] Stopped Create Static Device Nodes in /dev.
[[0;32m  OK  [0m] Reached target Shutdown.
[16906.213806] reboot: Power down
